[2026-06-26 12:41:40,753] INFO in logger: Logger initialised.
[2026-06-26 12:41:41,508] INFO in auth_service: User logged in: customer@test.com
[2026-06-26 12:41:42,160] INFO in auth_service: User logged in: officer@test.com
[2026-06-26 12:41:47,501] INFO in auth_service: User logged in: customer@test.com
[2026-06-26 12:41:47,976] INFO in auth_service: User logged in: customer@test.com
[2026-06-26 12:41:51,513] INFO in auth_service: User logged in: customer@test.com
[2026-06-26 12:41:52,919] INFO in auth_service: User logged in: officer@test.com
[2026-06-26 12:41:54,281] INFO in auth_service: User logged in: customer@test.com
[2026-06-26 12:41:54,290] INFO in loan_service: Loan application #1 created by user #1 (credit score 742)
[2026-06-26 12:41:55,707] INFO in auth_service: User logged in: customer@test.com
[2026-06-26 12:41:57,063] INFO in auth_service: User logged in: customer@test.com
[2026-06-26 12:41:58,507] INFO in auth_service: User logged in: customer@test.com
[2026-06-26 12:41:59,896] INFO in auth_service: User logged in: customer@test.com
[2026-06-26 12:42:01,003] INFO in auth_service: User logged in: customer@test.com
[2026-06-26 12:42:02,257] INFO in auth_service: User logged in: customer@test.com
[2026-06-26 12:42:03,593] INFO in auth_service: User logged in: customer@test.com
[2026-06-26 12:42:03,604] INFO in loan_service: Loan application #1 created by user #1 (credit score 326)
[2026-06-26 12:42:03,607] INFO in loan_service: Loan application #2 created by user #1 (credit score 578)
[2026-06-26 12:42:05,037] INFO in auth_service: User logged in: customer@test.com
[2026-06-26 12:42:05,530] INFO in auth_service: User logged in: officer@test.com
[2026-06-26 12:42:05,538] INFO in loan_service: Loan application #1 created by user #1 (credit score 426)
[2026-06-26 12:42:06,900] INFO in auth_service: User logged in: customer@test.com
[2026-06-26 12:42:07,360] INFO in auth_service: User logged in: officer@test.com
[2026-06-26 12:42:07,366] INFO in loan_service: Loan application #1 created by user #1 (credit score 700)
[2026-06-26 12:42:08,750] INFO in auth_service: User logged in: officer@test.com
[2026-06-26 12:42:10,200] INFO in auth_service: User logged in: customer@test.com
[2026-06-26 12:42:10,687] INFO in auth_service: User logged in: officer@test.com
[2026-06-26 12:42:10,693] INFO in loan_service: Loan application #1 created by user #1 (credit score 396)
[2026-06-26 12:42:10,697] INFO in audit_service: Audit entry created Ś loan #1 approved by officer #2
[2026-06-26 12:42:10,700] INFO in loan_service: Loan #1 approved by officer #2
[2026-06-26 12:42:12,041] INFO in auth_service: User logged in: customer@test.com
[2026-06-26 12:42:12,476] INFO in auth_service: User logged in: officer@test.com
[2026-06-26 12:42:12,481] INFO in loan_service: Loan application #1 created by user #1 (credit score 677)
[2026-06-26 12:42:12,485] INFO in audit_service: Audit entry created Ś loan #1 rejected by officer #2
[2026-06-26 12:42:12,487] INFO in loan_service: Loan #1 rejected by officer #2
[2026-06-26 12:42:13,906] INFO in auth_service: User logged in: customer@test.com
[2026-06-26 12:42:14,339] INFO in auth_service: User logged in: officer@test.com
[2026-06-26 12:42:14,345] INFO in loan_service: Loan application #1 created by user #1 (credit score 356)
[2026-06-26 12:42:14,349] INFO in audit_service: Audit entry created Ś loan #1 approved by officer #2
[2026-06-26 12:42:14,350] INFO in loan_service: Loan #1 approved by officer #2
[2026-06-26 12:42:15,710] INFO in auth_service: User logged in: customer@test.com
[2026-06-26 12:42:16,174] INFO in auth_service: User logged in: officer@test.com
[2026-06-26 12:42:16,181] INFO in loan_service: Loan application #1 created by user #1 (credit score 555)
[2026-06-26 12:42:17,495] INFO in auth_service: User logged in: officer@test.com
[2026-06-26 12:42:18,825] INFO in auth_service: User logged in: customer@test.com
[2026-06-26 12:42:19,252] INFO in auth_service: User logged in: officer@test.com
[2026-06-26 12:42:19,257] INFO in loan_service: Loan application #1 created by user #1 (credit score 381)
[2026-06-26 12:42:19,261] INFO in audit_service: Audit entry created Ś loan #1 approved by officer #2
[2026-06-26 12:42:19,262] INFO in loan_service: Loan #1 approved by officer #2
[2026-06-26 12:42:20,630] INFO in auth_service: User logged in: customer@test.com
[2026-06-26 12:42:21,070] INFO in auth_service: User logged in: officer@test.com
[2026-06-26 12:42:21,076] INFO in loan_service: Loan application #1 created by user #1 (credit score 371)
[2026-06-26 13:34:36,494] INFO in logger: Logger initialised.
[2026-06-26 13:34:37,192] INFO in auth_service: User logged in: customer@test.com
[2026-06-26 13:34:37,847] INFO in auth_service: User logged in: officer@test.com
[2026-06-26 13:34:41,355] INFO in auth_service: User logged in: customer@test.com
[2026-06-26 13:34:41,572] INFO in auth_service: User logged in: customer@test.com
[2026-06-26 13:34:43,545] INFO in auth_service: User logged in: customer@test.com
[2026-06-26 13:34:44,213] INFO in auth_service: User logged in: officer@test.com
[2026-06-26 13:34:44,869] INFO in auth_service: User logged in: customer@test.com
[2026-06-26 13:34:44,873] INFO in loan_service: Loan application #1 created by user #1 (credit score 730)
[2026-06-26 13:34:45,531] INFO in auth_service: User logged in: customer@test.com
[2026-06-26 13:34:46,171] INFO in auth_service: User logged in: customer@test.com
[2026-06-26 13:34:46,821] INFO in auth_service: User logged in: customer@test.com
[2026-06-26 13:34:47,458] INFO in auth_service: User logged in: customer@test.com
[2026-06-26 13:34:48,096] INFO in auth_service: User logged in: customer@test.com
[2026-06-26 13:34:48,744] INFO in auth_service: User logged in: customer@test.com
[2026-06-26 13:34:49,377] INFO in auth_service: User logged in: customer@test.com
[2026-06-26 13:34:49,380] INFO in loan_service: Loan application #1 created by user #1 (credit score 625)
[2026-06-26 13:34:49,381] INFO in loan_service: Loan application #2 created by user #1 (credit score 722)
[2026-06-26 13:34:50,018] INFO in auth_service: User logged in: customer@test.com
[2026-06-26 13:34:50,228] INFO in auth_service: User logged in: officer@test.com
[2026-06-26 13:34:50,230] INFO in loan_service: Loan application #1 created by user #1 (credit score 669)
[2026-06-26 13:34:50,865] INFO in auth_service: User logged in: customer@test.com
[2026-06-26 13:34:51,074] INFO in auth_service: User logged in: officer@test.com
[2026-06-26 13:34:51,076] INFO in loan_service: Loan application #1 created by user #1 (credit score 327)
[2026-06-26 13:34:51,733] INFO in auth_service: User logged in: officer@test.com
[2026-06-26 13:34:52,368] INFO in auth_service: User logged in: customer@test.com
[2026-06-26 13:34:52,578] INFO in auth_service: User logged in: officer@test.com
[2026-06-26 13:34:52,580] INFO in loan_service: Loan application #1 created by user #1 (credit score 845)
[2026-06-26 13:34:52,581] INFO in audit_service: Audit entry created Ś loan #1 approved by officer #2
[2026-06-26 13:34:52,582] INFO in loan_service: Loan #1 approved by officer #2
[2026-06-26 13:34:53,214] INFO in auth_service: User logged in: customer@test.com
[2026-06-26 13:34:53,425] INFO in auth_service: User logged in: officer@test.com
[2026-06-26 13:34:53,427] INFO in loan_service: Loan application #1 created by user #1 (credit score 623)
[2026-06-26 13:34:53,429] INFO in audit_service: Audit entry created Ś loan #1 rejected by officer #2
[2026-06-26 13:34:53,429] INFO in loan_service: Loan #1 rejected by officer #2
[2026-06-26 13:34:54,060] INFO in auth_service: User logged in: customer@test.com
[2026-06-26 13:34:54,268] INFO in auth_service: User logged in: officer@test.com
[2026-06-26 13:34:54,270] INFO in loan_service: Loan application #1 created by user #1 (credit score 348)
[2026-06-26 13:34:54,272] INFO in audit_service: Audit entry created Ś loan #1 approved by officer #2
[2026-06-26 13:34:54,272] INFO in loan_service: Loan #1 approved by officer #2
[2026-06-26 13:34:54,899] INFO in auth_service: User logged in: customer@test.com
[2026-06-26 13:34:55,109] INFO in auth_service: User logged in: officer@test.com
[2026-06-26 13:34:55,112] INFO in loan_service: Loan application #1 created by user #1 (credit score 769)
[2026-06-26 13:34:55,740] INFO in auth_service: User logged in: officer@test.com
[2026-06-26 13:34:56,370] INFO in auth_service: User logged in: customer@test.com
[2026-06-26 13:34:56,579] INFO in auth_service: User logged in: officer@test.com
[2026-06-26 13:34:56,581] INFO in loan_service: Loan application #1 created by user #1 (credit score 567)
[2026-06-26 13:34:56,582] INFO in audit_service: Audit entry created Ś loan #1 approved by officer #2
[2026-06-26 13:34:56,583] INFO in loan_service: Loan #1 approved by officer #2
[2026-06-26 13:34:57,388] INFO in auth_service: User logged in: customer@test.com
[2026-06-26 13:34:57,614] INFO in auth_service: User logged in: officer@test.com
[2026-06-26 13:34:57,616] INFO in loan_service: Loan application #1 created by user #1 (credit score 825)
[2026-06-26 13:48:44,777] INFO in logger: Logger initialised.
[2026-06-26 13:49:27,390] INFO in logger: Logger initialised.
[2026-06-26 13:50:16,819] INFO in logger: Logger initialised.
[2026-06-26 13:50:17,428] INFO in logger: Logger initialised.
[2026-06-26 14:35:06,520] INFO in logger: Logger initialised.
[2026-06-26 14:35:49,342] INFO in logger: Logger initialised.
[2026-06-26 14:35:50,001] INFO in logger: Logger initialised.
[2026-06-26 14:55:18,192] INFO in logger: Logger initialised.
[2026-06-26 14:55:18,193] INFO in logger: Logger initialised.
[2026-06-26 14:55:55,083] INFO in logger: Logger initialised.
[2026-06-26 14:55:55,084] INFO in logger: Logger initialised.
[2026-06-26 14:56:18,191] INFO in logger: Logger initialised.
[2026-06-26 14:56:18,192] INFO in logger: Logger initialised.
[2026-06-26 14:56:47,445] INFO in logger: Logger initialised.
[2026-06-26 16:08:05,266] INFO in logger: Logger initialised.
[2026-06-26 16:08:14,699] INFO in logger: Logger initialised.
[2026-06-26 16:08:15,030] INFO in auth_service: User logged in: customer@test.com
[2026-06-26 16:08:15,321] INFO in auth_service: User logged in: officer@test.com
[2026-06-26 16:08:17,203] INFO in auth_service: User logged in: customer@test.com
[2026-06-26 16:08:17,381] INFO in auth_service: User logged in: customer@test.com
[2026-06-26 16:08:18,650] INFO in auth_service: User logged in: customer@test.com
[2026-06-26 16:08:19,339] INFO in auth_service: User logged in: officer@test.com
[2026-06-26 16:08:19,892] INFO in auth_service: User logged in: customer@test.com
[2026-06-26 16:08:19,903] INFO in loan_service: Loan application #1 created by user #1 (credit score 307)
[2026-06-26 16:08:20,440] INFO in auth_service: User logged in: customer@test.com
[2026-06-26 16:08:20,986] INFO in auth_service: User logged in: customer@test.com
[2026-06-26 16:08:21,529] INFO in auth_service: User logged in: customer@test.com
[2026-06-26 16:08:22,069] INFO in auth_service: User logged in: customer@test.com
[2026-06-26 16:08:22,649] INFO in auth_service: User logged in: customer@test.com
[2026-06-26 16:08:23,202] INFO in auth_service: User logged in: customer@test.com
[2026-06-26 16:08:23,732] INFO in auth_service: User logged in: customer@test.com
[2026-06-26 16:08:23,737] INFO in loan_service: Loan application #1 created by user #1 (credit score 335)
[2026-06-26 16:08:23,742] INFO in loan_service: Loan application #2 created by user #1 (credit score 350)
[2026-06-26 16:08:24,295] INFO in auth_service: User logged in: customer@test.com
[2026-06-26 16:08:24,478] INFO in auth_service: User logged in: officer@test.com
[2026-06-26 16:08:24,484] INFO in loan_service: Loan application #1 created by user #1 (credit score 436)
[2026-06-26 16:08:25,015] INFO in auth_service: User logged in: customer@test.com
[2026-06-26 16:08:25,188] INFO in auth_service: User logged in: officer@test.com
[2026-06-26 16:08:25,193] INFO in loan_service: Loan application #1 created by user #1 (credit score 488)
[2026-06-26 16:08:25,723] INFO in auth_service: User logged in: officer@test.com
[2026-06-26 16:08:26,274] INFO in auth_service: User logged in: customer@test.com
[2026-06-26 16:08:26,459] INFO in auth_service: User logged in: officer@test.com
[2026-06-26 16:08:26,465] INFO in loan_service: Loan application #1 created by user #1 (credit score 624)
[2026-06-26 16:08:26,469] INFO in audit_service: Audit entry created Ś loan #1 approved by officer #2
[2026-06-26 16:08:26,472] INFO in loan_service: Loan #1 approved by officer #2
[2026-06-26 16:08:27,023] INFO in auth_service: User logged in: customer@test.com
[2026-06-26 16:08:27,190] INFO in auth_service: User logged in: officer@test.com
[2026-06-26 16:08:27,195] INFO in loan_service: Loan application #1 created by user #1 (credit score 694)
[2026-06-26 16:08:27,199] INFO in audit_service: Audit entry created Ś loan #1 rejected by officer #2
[2026-06-26 16:08:27,200] INFO in loan_service: Loan #1 rejected by officer #2
[2026-06-26 16:08:27,718] INFO in auth_service: User logged in: customer@test.com
[2026-06-26 16:08:27,906] INFO in auth_service: User logged in: officer@test.com
[2026-06-26 16:08:27,912] INFO in loan_service: Loan application #1 created by user #1 (credit score 640)
[2026-06-26 16:08:27,916] INFO in audit_service: Audit entry created Ś loan #1 approved by officer #2
[2026-06-26 16:08:27,917] INFO in loan_service: Loan #1 approved by officer #2
[2026-06-26 16:08:28,480] INFO in auth_service: User logged in: customer@test.com
[2026-06-26 16:08:28,657] INFO in auth_service: User logged in: officer@test.com
[2026-06-26 16:08:28,662] INFO in loan_service: Loan application #1 created by user #1 (credit score 535)
[2026-06-26 16:08:29,203] INFO in auth_service: User logged in: officer@test.com
[2026-06-26 16:08:29,744] INFO in auth_service: User logged in: customer@test.com
[2026-06-26 16:08:29,921] INFO in auth_service: User logged in: officer@test.com
[2026-06-26 16:08:29,928] INFO in loan_service: Loan application #1 created by user #1 (credit score 825)
[2026-06-26 16:08:29,933] INFO in audit_service: Audit entry created Ś loan #1 approved by officer #2
[2026-06-26 16:08:29,934] INFO in loan_service: Loan #1 approved by officer #2
[2026-06-26 16:08:30,445] INFO in auth_service: User logged in: customer@test.com
[2026-06-26 16:08:30,615] INFO in auth_service: User logged in: officer@test.com
[2026-06-26 16:08:30,622] INFO in loan_service: Loan application #1 created by user #1 (credit score 478)
[2026-06-26 22:05:31,945] INFO in logger: Logger initialised.
[2026-06-26 22:05:32,567] INFO in logger: Logger initialised.
[2026-06-26 22:05:53,088] INFO in logger: Logger initialised.
[2026-06-26 22:05:53,648] INFO in logger: Logger initialised.
[2026-06-26 22:08:38,442] INFO in auth_service: New user registered: vjvirajjain122005@gmail.com (customer)
[2026-06-26 22:08:44,658] INFO in auth_service: User logged in: vjvirajjain122005@gmail.com
[2026-06-27 09:16:23,886] INFO in logger: Logger initialised.
[2026-06-27 09:16:24,694] INFO in logger: Logger initialised.
[2026-06-27 09:16:55,688] INFO in auth_service: User logged in: vjvirajjain122005@gmail.com
[2026-06-27 09:22:21,849] INFO in auth_service: User logged in: officer@test.com
[2026-06-27 09:45:19,614] INFO in logger: Logger initialised.
[2026-06-27 09:46:24,360] INFO in logger: Logger initialised.
[2026-06-27 09:46:25,065] INFO in logger: Logger initialised.
[2026-06-27 09:47:03,772] INFO in auth_service: New user registered: vjvirajjain122005@gmail.com (customer)
[2026-06-27 09:47:08,215] INFO in auth_service: User logged in: vjvirajjain122005@gmail.com
[2026-06-27 09:48:20,699] INFO in auth_service: User logged in: vjvirajjain122005@gmail.com
[2026-06-27 09:53:17,355] INFO in loan_service: Loan application #1 created by user #3 (credit score 345)
[2026-06-27 10:03:10,337] INFO in logger: Logger initialised.
[2026-06-27 10:05:33,556] INFO in logger: Logger initialised.
[2026-06-27 10:05:34,216] INFO in logger: Logger initialised.
[2026-06-27 10:06:10,665] INFO in logger: Logger initialised.
[2026-06-27 10:06:11,330] INFO in logger: Logger initialised.
[2026-06-27 10:07:14,770] INFO in auth_service: User logged in: officer@test.com
[2026-06-27 10:07:48,123] INFO in auth_service: User logged in: vjvirajjain122005@gmail.com
[2026-06-27 10:09:22,640] INFO in auth_service: User logged in: officer@test.com
[2026-06-27 10:10:46,537] INFO in logger: Logger initialised.
[2026-06-27 10:10:46,611] INFO in logger: Logger initialised.
[2026-06-27 10:14:11,822] INFO in auth_service: User logged in: vjvirajjain122005@gmail.com
[2026-06-27 10:14:32,061] INFO in auth_service: User logged in: officer@test.com
[2026-06-27 10:14:55,546] INFO in audit_service: Audit entry created Ś loan #1 rejected by officer #2
[2026-06-27 10:14:55,563] INFO in loan_service: Loan #1 rejected by officer #2
[2026-06-27 10:15:02,376] INFO in auth_service: User logged in: vjvirajjain122005@gmail.com
[2026-06-27 10:15:32,481] INFO in auth_service: User logged in: officer@test.com
[2026-06-27 10:16:54,569] INFO in auth_service: User logged in: vjvirajjain122005@gmail.com
[2026-06-27 10:17:12,185] INFO in logger: Logger initialised.
[2026-06-27 10:17:12,186] INFO in logger: Logger initialised.
[2026-06-27 10:17:38,592] INFO in logger: Logger initialised.
[2026-06-27 10:17:38,594] INFO in logger: Logger initialised.
[2026-06-27 10:18:55,214] INFO in auth_service: User logged in: officer@test.com
[2026-06-27 10:19:09,720] INFO in auth_service: User logged in: vjvirajjain122005@gmail.com
[2026-06-27 10:19:34,831] INFO in loan_service: Loan application #2 created by user #3 (credit score 510)
[2026-06-27 10:19:41,651] INFO in auth_service: User logged in: officer@test.com
